01-Jan-2025 19:13:21.254 信息 [main] org.apache.catalina.startup.VersionLoggerListener.log Server.服务器版本: Apache Tomcat/9.0.97
01-Jan-2025 19:13:21.257 信息 [main] org.apache.catalina.startup.VersionLoggerListener.log 服务器构建:        Nov 6 2024 19:55:19 UTC
01-Jan-2025 19:13:21.257 信息 [main] org.apache.catalina.startup.VersionLoggerListener.log 服务器版本号:      9.0.97.0
01-Jan-2025 19:13:21.257 信息 [main] org.apache.catalina.startup.VersionLoggerListener.log 操作系统名称:      Windows 11
01-Jan-2025 19:13:21.257 信息 [main] org.apache.catalina.startup.VersionLoggerListener.log OS.版本:           10.0
01-Jan-2025 19:13:21.257 信息 [main] org.apache.catalina.startup.VersionLoggerListener.log 架构:              amd64
01-Jan-2025 19:13:21.258 信息 [main] org.apache.catalina.startup.VersionLoggerListener.log Java 环境变量:     C:\Program Files\Java\jdk-21
01-Jan-2025 19:13:21.258 信息 [main] org.apache.catalina.startup.VersionLoggerListener.log Java虚拟机版本:    21.0.5+9-LTS-239
01-Jan-2025 19:13:21.258 信息 [main] org.apache.catalina.startup.VersionLoggerListener.log JVM.供应商:        Oracle Corporation
01-Jan-2025 19:13:21.258 信息 [main] org.apache.catalina.startup.VersionLoggerListener.log CATALINA_BASE:     D:\Codefield\CODE_Java\wcf_web
01-Jan-2025 19:13:21.258 信息 [main] org.apache.catalina.startup.VersionLoggerListener.log CATALINA_HOME:     D:\enviroment\apache-tomcat-9.0.97
01-Jan-2025 19:13:21.264 信息 [main] org.apache.catalina.startup.VersionLoggerListener.log 命令行参数：       --add-opens=java.base/java.lang=ALL-UNNAMED
01-Jan-2025 19:13:21.265 信息 [main] org.apache.catalina.startup.VersionLoggerListener.log 命令行参数：       --add-opens=java.base/java.io=ALL-UNNAMED
01-Jan-2025 19:13:21.265 信息 [main] org.apache.catalina.startup.VersionLoggerListener.log 命令行参数：       --add-opens=java.base/java.util=ALL-UNNAMED
01-Jan-2025 19:13:21.265 信息 [main] org.apache.catalina.startup.VersionLoggerListener.log 命令行参数：       --add-opens=java.base/java.util.concurrent=ALL-UNNAMED
01-Jan-2025 19:13:21.265 信息 [main] org.apache.catalina.startup.VersionLoggerListener.log 命令行参数：       --add-opens=java.rmi/sun.rmi.transport=ALL-UNNAMED
01-Jan-2025 19:13:21.265 信息 [main] org.apache.catalina.startup.VersionLoggerListener.log 命令行参数：       -Dcatalina.home=D:\enviroment\apache-tomcat-9.0.97
01-Jan-2025 19:13:21.265 信息 [main] org.apache.catalina.startup.VersionLoggerListener.log 命令行参数：       -Dcatalina.base=D:\Codefield\CODE_Java\wcf_web
01-Jan-2025 19:13:21.265 信息 [main] org.apache.catalina.startup.VersionLoggerListener.log 命令行参数：       -Djava.io.tmpdir=D:\Codefield\CODE_Java\wcf_web\temp
01-Jan-2025 19:13:21.265 信息 [main] org.apache.catalina.startup.VersionLoggerListener.log 命令行参数：       -Djava.util.logging.config.file=D:\Codefield\CODE_Java\wcf_web\conf\logging.properties
01-Jan-2025 19:13:21.265 信息 [main] org.apache.catalina.startup.VersionLoggerListener.log 命令行参数：       -Djava.util.logging.manager=org.apache.juli.ClassLoaderLogManager
01-Jan-2025 19:13:21.265 信息 [main] org.apache.catalina.startup.VersionLoggerListener.log 命令行参数：       -javaagent:C:\Program Files\JetBrains\IntelliJ IDEA 2024.3\lib\idea_rt.jar=6213:C:\Program Files\JetBrains\IntelliJ IDEA 2024.3\bin
01-Jan-2025 19:13:21.265 信息 [main] org.apache.catalina.startup.VersionLoggerListener.log 命令行参数：       -Dfile.encoding=UTF-8
01-Jan-2025 19:13:21.266 信息 [main] org.apache.catalina.startup.VersionLoggerListener.log 命令行参数：       -Dsun.stdout.encoding=UTF-8
01-Jan-2025 19:13:21.266 信息 [main] org.apache.catalina.startup.VersionLoggerListener.log 命令行参数：       -Dsun.stderr.encoding=UTF-8
01-Jan-2025 19:13:21.267 信息 [main] org.apache.catalina.core.AprLifecycleListener.lifecycleEvent 使用APR版本[1.7.4]加载了基于APR的Apache Tomcat本机库[1.3.1]。
01-Jan-2025 19:13:21.267 信息 [main] org.apache.catalina.core.AprLifecycleListener.lifecycleEvent APR功能：IPv6[true]、sendfile[true]、accept filters[false]、random[true]、UDS [true]。
01-Jan-2025 19:13:21.267 信息 [main] org.apache.catalina.core.AprLifecycleListener.lifecycleEvent APR/OpenSSL配置：useAprConnector[false]，useOpenSSL[true]
01-Jan-2025 19:13:21.272 信息 [main] org.apache.catalina.core.AprLifecycleListener.initializeSSL OpenSSL成功初始化 [OpenSSL 3.0.14 4 Jun 2024]
01-Jan-2025 19:13:21.479 信息 [main] org.apache.coyote.AbstractProtocol.init 初始化协议处理器 ["http-nio-8080"]
01-Jan-2025 19:13:21.494 信息 [main] org.apache.catalina.startup.Catalina.load 服务器在[384]毫秒内初始化
01-Jan-2025 19:13:21.533 信息 [main] org.apache.catalina.core.StandardService.startInternal 正在启动服务[Catalina]
01-Jan-2025 19:13:21.533 信息 [main] org.apache.catalina.core.StandardEngine.startInternal 正在启动 Servlet 引擎：[Apache Tomcat/9.0.97]
01-Jan-2025 19:13:21.541 信息 [main] org.apache.catalina.startup.HostConfig.deployDescriptor 正在部署部署描述符[D:\Codefield\CODE_Java\wcf_web\conf\Catalina\localhost\web_work.xml]。
01-Jan-2025 19:13:21.632 警告 [main] org.apache.tomcat.util.descriptor.web.WebXml.setVersion 未知版本字符串 [6.1]。将使用默认版本。
01-Jan-2025 19:13:22.268 信息 [main] org.apache.jasper.servlet.TldScanner.scanJars 至少有一个JAR被扫描用于TLD但尚未包含TLD。 为此记录器启用调试日志记录，以获取已扫描但未在其中找到TLD的完整JAR列表。 在扫描期间跳过不需要的JAR可以缩短启动时间和JSP编译时间。
01-Jan-2025 19:13:22.345 信息 [main] org.apache.catalina.startup.HostConfig.deployDescriptor 部署描述符[D:\Codefield\CODE_Java\wcf_web\conf\Catalina\localhost\web_work.xml]的部署已在[800]ms内完成
01-Jan-2025 19:13:22.349 信息 [main] org.apache.coyote.AbstractProtocol.start 开始协议处理句柄["http-nio-8080"]
01-Jan-2025 19:13:22.368 信息 [main] org.apache.catalina.startup.Catalina.start [872]毫秒后服务器启动
